# JRE version: OpenJDK Runtime Environment Temurin-17.0.7+7 (17.0.7+7) (build 17.0.7+7)
# Java VM: OpenJDK 64-Bit Server VM Temurin-17.0.7+7 (17.0.7+7, mixed mode, sharing, tiered, compressed oops, compressed class ptrs, g1 gc, windows-amd64)
GC Precious Log:
 CPUs: 20 total, 20 available
 Memory: 16068M
 Large Page Support: Disabled
 NUMA Support: Disabled
 Compressed Oops: Enabled (Zero based)
 Heap Region Size: 2M
 Heap Min Capacity: 512M
 Heap Initial Capacity: 512M
 Heap Max Capacity: 4072M
 Pre-touch: Disabled
 Parallel Workers: 15
 Concurrent Workers: 4
 Concurrent Refinement Workers: 15
 Periodic GC: Disabled
 String Deduplication is enabled
Heap:
 garbage-first heap   total 524288K, used 138826K [0x0000000701800000, 0x0000000800000000)
  region size 2048K, 18 young (36864K), 2 survivors (4096K)
 Metaspace       used 95076K, committed 95552K, reserved 1179648K
  class space    used 13317K, committed 13504K, reserved 1048576K
GC Heap History (20 events):
Event: 5689.538 GC heap before
{Heap before GC invocations=222 (full 10):
 garbage-first heap   total 524288K, used 159664K [0x0000000701800000, 0x0000000800000000)
  region size 2048K, 40 young (81920K), 0 survivors (0K)
 Metaspace       used 94459K, committed 94912K, reserved 1179648K
  class space    used 13219K, committed 13376K, reserved 1048576K
}
Event: 5689.543 GC heap after
{Heap after GC invocations=223 (full 10):
 garbage-first heap   total 524288K, used 95304K [0x0000000701800000, 0x0000000800000000)
  region size 2048K, 5 young (10240K), 5 survivors (10240K)
 Metaspace       used 94459K, committed 94912K, reserved 1179648K
  class space    used 13219K, committed 13376K, reserved 1048576K
}
Event: 5690.019 GC heap before
{Heap before GC invocations=223 (full 10):
 garbage-first heap   total 524288K, used 166984K [0x0000000701800000, 0x0000000800000000)
  region size 2048K, 40 young (81920K), 5 survivors (10240K)
 Metaspace       used 94523K, committed 94912K, reserved 1179648K
  class space    used 13219K, committed 13376K, reserved 1048576K
}
Event: 5690.022 GC heap after
{Heap after GC invocations=224 (full 10):
 garbage-first heap   total 524288K, used 101489K [0x0000000701800000, 0x0000000800000000)
  region size 2048K, 3 young (6144K), 3 survivors (6144K)
 Metaspace       used 94523K, committed 94912K, reserved 1179648K
  class space    used 13219K, committed 13376K, reserved 1048576K
}
Event: 5690.522 GC heap before
{Heap before GC invocations=224 (full 10):
 garbage-first heap   total 524288K, used 177265K [0x0000000701800000, 0x0000000800000000)
  region size 2048K, 40 young (81920K), 3 survivors (6144K)
 Metaspace       used 94585K, committed 95040K, reserved 1179648K
  class space    used 13220K, committed 13440K, reserved 1048576K
}
Event: 5690.525 GC heap after
{Heap after GC invocations=225 (full 10):
 garbage-first heap   total 524288K, used 105476K [0x0000000701800000, 0x0000000800000000)
  region size 2048K, 5 young (10240K), 5 survivors (10240K)
 Metaspace       used 94585K, committed 95040K, reserved 1179648K
  class space    used 13220K, committed 13440K, reserved 1048576K
}
Event: 5724.678 GC heap before
{Heap before GC invocations=225 (full 10):
 garbage-first heap   total 524288K, used 177156K [0x0000000701800000, 0x0000000800000000)
  region size 2048K, 40 young (81920K), 5 survivors (10240K)
 Metaspace       used 94597K, committed 95040K, reserved 1179648K
  class space    used 13221K, committed 13440K, reserved 1048576K
}
Event: 5724.686 GC heap after
{Heap after GC invocations=226 (full 10):
 garbage-first heap   total 524288K, used 107022K [0x0000000701800000, 0x0000000800000000)
  region size 2048K, 4 young (8192K), 4 survivors (8192K)
 Metaspace       used 94597K, committed 95040K, reserved 1179648K
  class space    used 13221K, committed 13440K, reserved 1048576K
}
Event: 5751.259 GC heap before
{Heap before GC invocations=226 (full 10):
 garbage-first heap   total 524288K, used 180750K [0x0000000701800000, 0x0000000800000000)
  region size 2048K, 40 young (81920K), 4 survivors (8192K)
 Metaspace       used 95010K, committed 95424K, reserved 1179648K
  class space    used 13316K, committed 13504K, reserved 1048576K
}
Event: 5751.265 GC heap after
{Heap after GC invocations=227 (full 10):
 garbage-first heap   total 524288K, used 107654K [0x0000000701800000, 0x0000000800000000)
  region size 2048K, 2 young (4096K), 2 survivors (4096K)
 Metaspace       used 95010K, committed 95424K, reserved 1179648K
  class space    used 13316K, committed 13504K, reserved 1048576K
}
Event: 5772.719 GC heap before
{Heap before GC invocations=227 (full 10):
 garbage-first heap   total 524288K, used 185478K [0x0000000701800000, 0x0000000800000000)
  region size 2048K, 40 young (81920K), 2 survivors (4096K)
 Metaspace       used 95013K, committed 95424K, reserved 1179648K
  class space    used 13316K, committed 13504K, reserved 1048576K
}
Event: 5772.722 GC heap after
{Heap after GC invocations=228 (full 10):
 garbage-first heap   total 524288K, used 107246K [0x0000000701800000, 0x0000000800000000)
  region size 2048K, 2 young (4096K), 2 survivors (4096K)
 Metaspace       used 95013K, committed 95424K, reserved 1179648K
  class space    used 13316K, committed 13504K, reserved 1048576K
}
Event: 5799.870 GC heap before
{Heap before GC invocations=228 (full 10):
 garbage-first heap   total 524288K, used 185070K [0x0000000701800000, 0x0000000800000000)
  region size 2048K, 40 young (81920K), 2 survivors (4096K)
 Metaspace       used 95043K, committed 95424K, reserved 1179648K
  class space    used 13317K, committed 13504K, reserved 1048576K
}
Event: 5799.874 GC heap after
{Heap after GC invocations=229 (full 10):
 garbage-first heap   total 524288K, used 107342K [0x0000000701800000, 0x0000000800000000)
  region size 2048K, 2 young (4096K), 2 survivors (4096K)
 Metaspace       used 95043K, committed 95424K, reserved 1179648K
  class space    used 13317K, committed 13504K, reserved 1048576K
}
Event: 5828.930 GC heap before
{Heap before GC invocations=229 (full 10):
 garbage-first heap   total 524288K, used 185166K [0x0000000701800000, 0x0000000800000000)
  region size 2048K, 40 young (81920K), 2 survivors (4096K)
 Metaspace       used 95051K, committed 95424K, reserved 1179648K
  class space    used 13317K, committed 13504K, reserved 1048576K
}
Event: 5828.933 GC heap after
{Heap after GC invocations=230 (full 10):
 garbage-first heap   total 524288K, used 107502K [0x0000000701800000, 0x0000000800000000)
  region size 2048K, 2 young (4096K), 2 survivors (4096K)
 Metaspace       used 95051K, committed 95424K, reserved 1179648K
  class space    used 13317K, committed 13504K, reserved 1048576K
}
Event: 5887.081 GC heap before
{Heap before GC invocations=230 (full 10):
 garbage-first heap   total 524288K, used 185326K [0x0000000701800000, 0x0000000800000000)
  region size 2048K, 40 young (81920K), 2 survivors (4096K)
 Metaspace       used 95067K, committed 95488K, reserved 1179648K
  class space    used 13317K, committed 13504K, reserved 1048576K
}
Event: 5887.083 GC heap after
{Heap after GC invocations=231 (full 10):
 garbage-first heap   total 524288K, used 107461K [0x0000000701800000, 0x0000000800000000)
  region size 2048K, 2 young (4096K), 2 survivors (4096K)
 Metaspace       used 95067K, committed 95488K, reserved 1179648K
  class space    used 13317K, committed 13504K, reserved 1048576K
}
Event: 5915.904 GC heap before
{Heap before GC invocations=231 (full 10):
 garbage-first heap   total 524288K, used 185285K [0x0000000701800000, 0x0000000800000000)
  region size 2048K, 40 young (81920K), 2 survivors (4096K)
 Metaspace       used 95075K, committed 95488K, reserved 1179648K
  class space    used 13317K, committed 13504K, reserved 1048576K
}
Event: 5915.906 GC heap after
{Heap after GC invocations=232 (full 10):
 garbage-first heap   total 524288K, used 108106K [0x0000000701800000, 0x0000000800000000)
  region size 2048K, 2 young (4096K), 2 survivors (4096K)
 Metaspace       used 95075K, committed 95488K, reserved 1179648K
  class space    used 13317K, committed 13504K, reserved 1048576K
}

